<?xml version="1.0" encoding="UTF-8"?>
<!-- Generated by org.testng.reporters.JUnitXMLReporter -->
<testsuite hostname="Ganesh-PC" name="Test" tests="7" failures="0" timestamp="8 Feb 2018 08:45:02 GMT" time="13.364" errors="0">
  <testcase name="add_1" time="0.028" classname="Maven_Project_01.Maven_Demo.MavenTest"/>
  <testcase name="sub_2" time="0.013" classname="Maven_Project_01.Maven_Demo.MavenTest"/>
  <testcase name="multi_3" time="0.003" classname="Maven_Project_01.Maven_Demo.MavenTest"/>
  <testcase name="div_4" time="0.004" classname="Maven_Project_01.Maven_Demo.MavenTest"/>
  <testcase name="div_5" time="0.003" classname="Maven_Project_01.Maven_Demo.MavenTest"/>
  <testcase name="demo" time="0.003" classname="Maven_Project_01.Maven_Demo.Demo_Test"/>
  <testcase name="tc_01" time="13.258" classname="Maven_Project_01.Maven_Demo.Selenium_Test"/>
</testsuite> <!-- Test -->
