<?xml version="1.0" encoding="UTF-8"?>
<testng-results skipped="0" failed="0" total="7" passed="7">
  <reporter-output>
  </reporter-output>
  <suite name="Test Maven Suite" duration-ms="12386" started-at="2018-02-16T13:07:03Z" finished-at="2018-02-16T13:07:15Z">
    <groups>
    </groups>
    <test name="Test Maven Testing" duration-ms="12386" started-at="2018-02-16T13:07:03Z" finished-at="2018-02-16T13:07:15Z">
      <class name="Maven_Project_01.Maven_Demo.MavenTest">
        <test-method status="PASS" signature="add_1()[pri:1, instance:Maven_Project_01.Maven_Demo.MavenTest@87011c]" name="add_1" duration-ms="7" started-at="2018-02-16T18:37:03Z" finished-at="2018-02-16T18:37:03Z">
          <reporter-output>
          </reporter-output>
        </test-method> <!-- add_1 -->
        <test-method status="PASS" signature="sub_2()[pri:2, instance:Maven_Project_01.Maven_Demo.MavenTest@87011c]" name="sub_2" duration-ms="4" started-at="2018-02-16T18:37:03Z" finished-at="2018-02-16T18:37:03Z">
          <reporter-output>
          </reporter-output>
        </test-method> <!-- sub_2 -->
        <test-method status="PASS" signature="multi_3()[pri:3, instance:Maven_Project_01.Maven_Demo.MavenTest@87011c]" name="multi_3" duration-ms="4" started-at="2018-02-16T18:37:03Z" finished-at="2018-02-16T18:37:03Z">
          <reporter-output>
          </reporter-output>
        </test-method> <!-- multi_3 -->
        <test-method status="PASS" signature="div_4()[pri:4, instance:Maven_Project_01.Maven_Demo.MavenTest@87011c]" name="div_4" duration-ms="3" started-at="2018-02-16T18:37:03Z" finished-at="2018-02-16T18:37:03Z">
          <reporter-output>
          </reporter-output>
        </test-method> <!-- div_4 -->
        <test-method status="PASS" signature="div_5()[pri:5, instance:Maven_Project_01.Maven_Demo.MavenTest@87011c]" name="div_5" duration-ms="3" started-at="2018-02-16T18:37:03Z" finished-at="2018-02-16T18:37:03Z">
          <reporter-output>
          </reporter-output>
        </test-method> <!-- div_5 -->
      </class> <!-- Maven_Project_01.Maven_Demo.MavenTest -->
      <class name="Maven_Project_01.Maven_Demo.Selenium_Test">
        <test-method status="PASS" signature="tc_01()[pri:0, instance:Maven_Project_01.Maven_Demo.Selenium_Test@159d796]" name="tc_01" duration-ms="12285" started-at="2018-02-16T18:37:03Z" finished-at="2018-02-16T18:37:15Z">
          <reporter-output>
          </reporter-output>
        </test-method> <!-- tc_01 -->
      </class> <!-- Maven_Project_01.Maven_Demo.Selenium_Test -->
      <class name="Maven_Project_01.Maven_Demo.Demo_Test">
        <test-method status="PASS" signature="demo()[pri:0, instance:Maven_Project_01.Maven_Demo.Demo_Test@190d0d2]" name="demo" duration-ms="28" started-at="2018-02-16T18:37:03Z" finished-at="2018-02-16T18:37:03Z">
          <reporter-output>
          </reporter-output>
        </test-method> <!-- demo -->
      </class> <!-- Maven_Project_01.Maven_Demo.Demo_Test -->
    </test> <!-- Test Maven Testing -->
  </suite> <!-- Test Maven Suite -->
</testng-results>
