<?xml version="1.0" encoding="UTF-8"?>
<!-- Generated by org.testng.reporters.JUnitXMLReporter -->
<testsuite hostname="Ganesh-PC" name="Test Maven Testing" tests="7" failures="0" timestamp="8 Feb 2018 11:41:53 GMT" time="21.436" errors="0">
  <testcase name="demo" time="0.051" classname="Maven_Project_01.Maven_Demo.Demo_Test"/>
  <testcase name="add_1" time="0.009" classname="Maven_Project_01.Maven_Demo.MavenTest"/>
  <testcase name="sub_2" time="0.007" classname="Maven_Project_01.Maven_Demo.MavenTest"/>
  <testcase name="multi_3" time="0.005" classname="Maven_Project_01.Maven_Demo.MavenTest"/>
  <testcase name="div_4" time="0.005" classname="Maven_Project_01.Maven_Demo.MavenTest"/>
  <testcase name="div_5" time="0.005" classname="Maven_Project_01.Maven_Demo.MavenTest"/>
  <testcase name="tc_01" time="21.268" classname="Maven_Project_01.Maven_Demo.Selenium_Test"/>
</testsuite> <!-- Test Maven Testing -->
